<?xml version="1.0" encoding="UTF-8"?>
<testng-results skipped="0" failed="0" total="2" passed="2">
  <reporter-output>
  </reporter-output>
  <suite name="PROD" duration-ms="507021" started-at="2017-05-19T08:57:34Z" finished-at="2017-05-19T09:06:02Z">
    <groups>
      <group name="Regression">
        <method signature="LoginTestCases.isISOLoginSuccessful()[pri:0, instance:com.dss.app.test.login.LoginTestCases@5315b42e]" name="isISOLoginSuccessful" class="com.dss.app.test.login.LoginTestCases"/>
        <method signature="LoginTestCases.isISORegistrationSuccessful()[pri:0, instance:com.dss.app.test.login.LoginTestCases@5315b42e]" name="isISORegistrationSuccessful" class="com.dss.app.test.login.LoginTestCases"/>
      </group> <!-- Regression -->
    </groups>
    <test name="MC-PROD: Test execution on Chrome" duration-ms="507021" started-at="2017-05-19T08:57:34Z" finished-at="2017-05-19T09:06:02Z">
      <class name="com.dss.app.test.login.LoginTestCases">
        <test-method status="PASS" signature="suiteSetUp(org.testng.ITestContext)[pri:0, instance:com.dss.app.test.login.LoginTestCases@5315b42e]" name="suiteSetUp" is-config="true" duration-ms="1685" started-at="2017-05-19T14:27:33Z" finished-at="2017-05-19T14:27:34Z">
          <params>
            <param index="0">
              <value>
                <![CDATA[org.testng.TestRunner@429bffaa]]>
              </value>
            </param>
          </params>
          <reporter-output>
          </reporter-output>
        </test-method> <!-- suiteSetUp -->
        <test-method status="PASS" signature="classSetup(java.lang.String)[pri:0, instance:com.dss.app.test.login.LoginTestCases@5315b42e]" name="classSetup" is-config="true" duration-ms="23" started-at="2017-05-19T14:27:35Z" finished-at="2017-05-19T14:27:35Z">
          <params>
            <param index="0">
              <value>
                <![CDATA[Chrome]]>
              </value>
            </param>
          </params>
          <reporter-output>
          </reporter-output>
        </test-method> <!-- classSetup -->
        <test-method status="PASS" signature="methodSetUp(java.lang.String, java.lang.String, java.lang.String, java.lang.reflect.Method, org.testng.ITestContext)[pri:0, instance:com.dss.app.test.login.LoginTestCases@5315b42e]" name="methodSetUp" is-config="true" duration-ms="70287" started-at="2017-05-19T14:27:35Z" finished-at="2017-05-19T14:28:45Z">
          <params>
            <param index="0">
              <value>
                <![CDATA[Chrome]]>
              </value>
            </param>
            <param index="1">
              <value>
                <![CDATA[WINDOWS]]>
              </value>
            </param>
            <param index="2">
              <value>
                <![CDATA[http://www.mcall.com]]>
              </value>
            </param>
            <param index="3">
              <value>
                <![CDATA[public void com.dss.app.test.login.LoginTestCases.isISOLoginSuccessful() throws java.lang.InterruptedException,java.io.IOException]]>
              </value>
            </param>
            <param index="4">
              <value>
                <![CDATA[org.testng.TestRunner@429bffaa]]>
              </value>
            </param>
          </params>
          <reporter-output>
          </reporter-output>
        </test-method> <!-- methodSetUp -->
        <test-method status="PASS" signature="isISOLoginSuccessful()[pri:0, instance:com.dss.app.test.login.LoginTestCases@5315b42e]" name="isISOLoginSuccessful" duration-ms="99454" started-at="2017-05-19T14:28:45Z" finished-at="2017-05-19T14:30:24Z">
          <reporter-output>
          </reporter-output>
        </test-method> <!-- isISOLoginSuccessful -->
        <test-method status="PASS" signature="methodTearDown(org.testng.ITestResult)[pri:0, instance:com.dss.app.test.login.LoginTestCases@5315b42e]" name="methodTearDown" is-config="true" duration-ms="96515" started-at="2017-05-19T14:30:24Z" finished-at="2017-05-19T14:32:01Z">
          <params>
            <param index="0">
              <value>
                <![CDATA[[TestResult name=isISOLoginSuccessful status=SUCCESS method=LoginTestCases.isISOLoginSuccessful()[pri:0, instance:com.dss.app.test.login.LoginTestCases@5315b42e] output={null}]]]>
              </value>
            </param>
          </params>
          <reporter-output>
          </reporter-output>
        </test-method> <!-- methodTearDown -->
        <test-method status="PASS" signature="methodSetUp(java.lang.String, java.lang.String, java.lang.String, java.lang.reflect.Method, org.testng.ITestContext)[pri:0, instance:com.dss.app.test.login.LoginTestCases@5315b42e]" name="methodSetUp" is-config="true" duration-ms="68248" started-at="2017-05-19T14:32:01Z" finished-at="2017-05-19T14:33:09Z">
          <params>
            <param index="0">
              <value>
                <![CDATA[Chrome]]>
              </value>
            </param>
            <param index="1">
              <value>
                <![CDATA[WINDOWS]]>
              </value>
            </param>
            <param index="2">
              <value>
                <![CDATA[http://www.mcall.com]]>
              </value>
            </param>
            <param index="3">
              <value>
                <![CDATA[public void com.dss.app.test.login.LoginTestCases.isISORegistrationSuccessful()]]>
              </value>
            </param>
            <param index="4">
              <value>
                <![CDATA[org.testng.TestRunner@429bffaa]]>
              </value>
            </param>
          </params>
          <reporter-output>
          </reporter-output>
        </test-method> <!-- methodSetUp -->
        <test-method status="PASS" signature="isISORegistrationSuccessful()[pri:0, instance:com.dss.app.test.login.LoginTestCases@5315b42e]" name="isISORegistrationSuccessful" duration-ms="78388" started-at="2017-05-19T14:33:09Z" finished-at="2017-05-19T14:34:27Z">
          <reporter-output>
          </reporter-output>
        </test-method> <!-- isISORegistrationSuccessful -->
        <test-method status="PASS" signature="methodTearDown(org.testng.ITestResult)[pri:0, instance:com.dss.app.test.login.LoginTestCases@5315b42e]" name="methodTearDown" is-config="true" duration-ms="94049" started-at="2017-05-19T14:34:27Z" finished-at="2017-05-19T14:36:01Z">
          <params>
            <param index="0">
              <value>
                <![CDATA[[TestResult name=isISORegistrationSuccessful status=SUCCESS method=LoginTestCases.isISORegistrationSuccessful()[pri:0, instance:com.dss.app.test.login.LoginTestCases@5315b42e] output={null}]]]>
              </value>
            </param>
          </params>
          <reporter-output>
          </reporter-output>
        </test-method> <!-- methodTearDown -->
        <test-method status="PASS" signature="classTeardown(org.testng.ITestContext)[pri:0, instance:com.dss.app.test.login.LoginTestCases@5315b42e]" name="classTeardown" is-config="true" duration-ms="30" started-at="2017-05-19T14:36:01Z" finished-at="2017-05-19T14:36:02Z">
          <params>
            <param index="0">
              <value>
                <![CDATA[org.testng.TestRunner@429bffaa]]>
              </value>
            </param>
          </params>
          <reporter-output>
          </reporter-output>
        </test-method> <!-- classTeardown -->
        <test-method status="PASS" signature="suiteTearDown()[pri:0, instance:com.dss.app.test.login.LoginTestCases@5315b42e]" name="suiteTearDown" is-config="true" duration-ms="74" started-at="2017-05-19T14:36:02Z" finished-at="2017-05-19T14:36:02Z">
          <reporter-output>
          </reporter-output>
        </test-method> <!-- suiteTearDown -->
      </class> <!-- com.dss.app.test.login.LoginTestCases -->
    </test> <!-- MC-PROD: Test execution on Chrome -->
  </suite> <!-- PROD -->
</testng-results>
